Star-Subject, 2 triples --> Gen: 0.03452810000000284, Ev: 0.09665460000000081, Answers: 10000
Star-Subject, 2 triples --> Gen: 0.033166700000002436, Ev: 0.009948500000000138, Answers: 2
Star-Subject, 2 triples --> Gen: 0.03454099999999727, Ev: 0.11419870000000287, Answers: 10000
Star-Subject, 2 triples --> Gen: 0.03294919999999735, Ev: 0.39081260000000384, Answers: 2080
Star-Subject, 2 triples --> Gen: 0.0345846000000023, Ev: 0.010263999999999385, Answers: 2
Star-Subject, 2 triples --> Gen: 0.03612979999999766, Ev: 0.13302739999999602, Answers: 10000
Star-Subject, 2 triples --> Gen: 0.03534209999999405, Ev: 0.010581099999996013, Answers: 2
Star-Subject, 2 triples --> Gen: 0.03146470000000079, Ev: 0.935970300000001, Answers: 10000
Star-Subject, 2 triples --> Gen: 0.033321500000006665, Ev: 0.04343719999999962, Answers: 1485
Star-Subject, 2 triples --> Gen: 0.03323879999999946, Ev: 0.009870899999995686, Answers: 2
Star-Subject, 4 triples --> Gen: 0.03392149999999816, Ev: 0.020091700000001822, Answers: 33
Star-Subject, 4 triples --> Gen: 0.03953380000000095, Ev: 0.09820720000000449, Answers: 10000
Star-Subject, 4 triples --> Gen: 0.034336099999997316, Ev: 0.010969199999998125, Answers: 21
Star-Subject, 4 triples --> Gen: 0.035172799999998006, Ev: 0.42148889999999284, Answers: 10000
Star-Subject, 4 triples --> Gen: 0.033157799999997906, Ev: 15.663098699999992, Answers: 10000
Star-Subject, 4 triples --> Gen: 0.03156309999999962, Ev: 0.02658060000000262, Answers: 480
Star-Subject, 4 triples --> Gen: 0.0332018000000005, Ev: 0.24944020000000933, Answers: 10000
Star-Subject, 4 triples --> Gen: 0.03335090000000207, Ev: 0.4926755999999983, Answers: 10000
Star-Subject, 4 triples --> Gen: 0.03318760000000509, Ev: 0.011282899999997653, Answers: 2
Star-Subject, 4 triples --> Gen: 0.03449059999999804, Ev: 0.03019390000000044, Answers: 352
Star-Subject, 6 triples --> Gen: 0.03403329999999016, Ev: 0.011526499999988005, Answers: 1
Star-Subject, 6 triples --> Gen: 0.03471020000000635, Ev: 0.013058900000004314, Answers: 2
Star-Subject, 6 triples --> Gen: 0.034143499999998994, Ev: 0.03261340000000246, Answers: 544
Star-Subject, 6 triples --> Gen: 0.03537409999999852, Ev: 0.016041899999990505, Answers: 169
Star-Subject, 6 triples --> Gen: 0.034576699999988136, Ev: 21.290669199999996, Answers: 10000
Star-Subject, 6 triples --> Gen: 0.03363419999999451, Ev: 0.45134960000000035, Answers: 10000
Star-Subject, 6 triples --> Gen: 0.0330361000000039, Ev: 0.023510500000000434, Answers: 64
Star-Subject, 6 triples --> Gen: 0.0345535999999953, Ev: 14.6835904, Answers: 10000
Star-Subject, 6 triples --> Gen: 0.03134409999999832, Ev: 0.31543629999998757, Answers: 10000
Star-Subject, 6 triples --> Gen: 0.03218940000000714, Ev: 0.5511201999999997, Answers: 10000
Star-Subject, 8 triples --> Gen: 0.03211849999999572, Ev: 0.08232119999999554, Answers: 171
Star-Subject, 8 triples --> Gen: 0.04025469999999132, Ev: 36.704889300000005, Answers: 10000
Star-Subject, 8 triples --> Gen: 0.0327220000000068, Ev: 0.42051969999999983, Answers: 10000
Star-Subject, 8 triples --> Gen: 0.03244000000000824, Ev: 0.027110200000009854, Answers: 16
Star-Subject, 8 triples --> Gen: 0.03743819999999687, Ev: 14.857984200000004, Answers: 10000
Star-Subject, 8 triples --> Gen: 0.031878700000021354, Ev: 36.59532820000001, Answers: 3360
Star-Subject, 8 triples --> Gen: 0.03411420000000476, Ev: 0.01400019999999813, Answers: 28
Star-Subject, 8 triples --> Gen: 0.035372200000011844, Ev: 0.42856950000000893, Answers: 10000
Star-Subject, 8 triples --> Gen: 0.031990100000001576, Ev: 1.2891103999999984, Answers: 800
Star-Subject, 8 triples --> Gen: 0.03444829999997978, Ev: 6.911179199999992, Answers: 10000
Star-Subject, 10 triples --> Gen: 0.03298480000000836, Ev: 0.09740819999998962, Answers: 1539
Star-Subject, 10 triples --> Gen: 0.03411489999999162, Ev: 0.4687763000000018, Answers: 10000
Star-Subject, 10 triples --> Gen: 0.034788599999984626, Ev: 61.06931320000001, Answers: 10000
Star-Subject, 10 triples --> Gen: 0.03484720000000152, Ev: 0.6188377000000287, Answers: 10000
Star-Subject, 10 triples --> Gen: 0.032989999999983866, Ev: 0.15465149999999994, Answers: 10000
Star-Subject, 10 triples --> Gen: 0.03490790000000743, Ev: 31.407236799999964, Answers: 10000
Star-Subject, 10 triples --> Gen: 0.034504900000001726, Ev: 0.9057697999999732, Answers: 10000
Star-Subject, 10 triples --> Gen: 0.03414580000003298, Ev: 67.8802073, Answers: 10000
Star-Subject, 10 triples --> Gen: 0.0342595999999844, Ev: 0.07992680000000973, Answers: 600
Star-Subject, 10 triples --> Gen: 0.034068900000022495, Ev: 0.8760566000000267, Answers: 10000
Star-Subject, 12 triples --> Gen: 0.03248239999999214, Ev: 0.15400149999999257, Answers: 30
Star-Subject, 12 triples --> Gen: 0.03233730000005153, Ev: 16.300918299999978, Answers: 7220
Star-Subject, 12 triples --> Gen: 0.0367949999999837, Ev: 0.05213599999996177, Answers: 10000
Star-Subject, 12 triples --> Gen: 0.0335034999999948, Ev: 3.9566338999999857, Answers: 10000
Star-Subject, 12 triples --> Gen: 0.03521979999999303, Ev: 25.100609099999986, Answers: 10000
Star-Subject, 12 triples --> Gen: 0.033456999999998516, Ev: 0.7347811000000206, Answers: 666
Star-Subject, 12 triples --> Gen: 0.03465199999999413, Ev: 0.8598956999999814, Answers: 10000
Star-Subject, 12 triples --> Gen: 0.06655010000002903, Ev: 50.175938900000006, Answers: 10000
Star-Subject, 12 triples --> Gen: 0.03501649999998335, Ev: 0.4522937000000411, Answers: 10000
Star-Subject, 12 triples --> Gen: 0.03407989999999472, Ev: 34.86464130000002, Answers: 10000
Star-Subject, 14 triples --> Gen: 0.03396209999993971, Ev: 21.117482100000075, Answers: 10000
Star-Subject, 14 triples --> Gen: 0.03268309999998564, Ev: 0.12321589999999105, Answers: 5000
Star-Subject, 14 triples --> Gen: 0.06847449999997934, Ev: 0.9848547999999937, Answers: 10000
Star-Subject, 14 triples --> Gen: 0.037545499999964704, Ev: 33.92294730000003, Answers: 10000
Star-Subject, 14 triples --> Gen: 0.03406500000005508, Ev: 46.06408490000001, Answers: 1246
Star-Subject, 14 triples --> Gen: 0.03374050000002171, Ev: 37.42848279999998, Answers: 10000
Star-Subject, 14 triples --> Gen: 0.07045919999995931, Ev: 0.0947140999999192, Answers: 1071
Star-Subject, 14 triples --> Gen: 0.06611129999998866, Ev: 4.995545399999969, Answers: 10000
Star-Subject, 14 triples --> Gen: 0.03502179999998134, Ev: 0.37215119999996205, Answers: 120
Star-Subject, 14 triples --> Gen: 0.03342629999997371, Ev: 21.673049099999957, Answers: 18
Star-Subject, 16 triples --> Gen: 0.03449590000002445, Ev: 0.6131920000000264, Answers: 10000
Star-Subject, 16 triples --> Gen: 0.03242130000000998, Ev: 44.80598580000003, Answers: 10000
Star-Subject, 16 triples --> Gen: 0.06655259999990903, Ev: 0.5141338999999334, Answers: 10000
Star-Subject, 16 triples --> Gen: 0.03331249999996544, Ev: 0.5354151999999885, Answers: 10000
Star-Subject, 16 triples --> Gen: 0.03455399999995734, Ev: 36.1094779, Answers: 10000
Star-Subject, 16 triples --> Gen: 0.09838909999996304, Ev: 17.264985300000035, Answers: 10000
Star-Subject, 16 triples --> Gen: 0.03442470000004505, Ev: 3.984786199999917, Answers: 10000
Star-Subject, 16 triples --> Gen: 0.06635559999995166, Ev: 45.64377689999992, Answers: 10000
Star-Subject, 16 triples --> Gen: 0.03295920000005026, Ev: 0.11042480000003252, Answers: 10000
Star-Subject, 16 triples --> Gen: 0.03162090000000717, Ev: 16.733690199999955, Answers: 10000
Star-Subject, 18 triples --> Gen: 0.07175320000010288, Ev: 0.8116982999999891, Answers: 10000
Star-Subject, 18 triples --> Gen: 0.0330609000000095, Ev: 58.4725449, Answers: 10000
Star-Subject, 18 triples --> Gen: 0.03351500000007945, Ev: 3.1899616999999125, Answers: 6084
Star-Subject, 18 triples --> Gen: 0.06564769999999953, Ev: 6.953121900000042, Answers: 10000
Star-Subject, 18 triples --> Gen: 0.03249900000002981, Ev: 65.05565230000002, Answers: 10000
Star-Subject, 18 triples --> Gen: 0.034548799999924995, Ev: 0.23380380000003242, Answers: 10000
Star-Subject, 18 triples --> Gen: 0.03474879999998848, Ev: 0.9152332999999544, Answers: 10000
Star-Subject, 18 triples --> Gen: 0.13790209999990566, Ev: 91.65849070000002, Answers: 10000
Star-Subject, 18 triples --> Gen: 0.03672710000000734, Ev: 30.056116399999837, Answers: 10000
Star-Subject, 18 triples --> Gen: 0.0325175999998919, Ev: 46.777491000000055, Answers: 10000
Star-Subject, 20 triples --> Gen: 0.06868370000006507, Ev: 60.37586190000002, Answers: 10000
Star-Subject, 20 triples --> Gen: 0.10481380000010176, Ev: 6.5204383000000234, Answers: 10000
Star-Subject, 20 triples --> Gen: 0.06790790000013658, Ev: 83.3736821, Answers: 10000
Star-Subject, 20 triples --> Gen: 0.03372199999989789, Ev: 1.0021334999998999, Answers: 10000
Star-Subject, 20 triples --> Gen: 0.1443246999999701, Ev: 28.69210790000011, Answers: 10000
Star-Subject, 20 triples --> Gen: 0.06916550000005373, Ev: 55.2906296000001, Answers: 10000
Star-Subject, 20 triples --> Gen: 0.034850499999947715, Ev: 62.15387779999992, Answers: 10000
Star-Subject, 20 triples --> Gen: 0.033329500000036205, Ev: 93.90614919999985, Answers: 10000
Star-Subject, 20 triples --> Gen: 0.13766880000002857, Ev: 1.3288346000001638, Answers: 10000
Star-Subject, 20 triples --> Gen: 0.03557579999983318, Ev: 17.51799260000007, Answers: 10000
[0.03392480000000475, 0.033636200000000116, 0.03408839999999458, 0.03341810000000578, 0.03420270000000869, 0.03436594999999443, 0.03454340000001821, 0.03446030000003475, 0.034648799999956736, 0.06829580000010083][0.07004590000000022, 0.06420055000000247, 0.174024849999995, 0.8588399500000037, 0.7474471500000277, 2.4082647999999836, 13.056513750000022, 10.359238199999936, 18.50461914999994, 41.991368750000106][1782.5, 5240.0, 5272.0, 6680.0, 10000.0, 10000.0, 7500.0, 10000.0, 10000.0, 10000.0]
Star-Object, 2 triples --> Gen: 4.657650899999908, Ev: 1.0926007999999001, Answers: 10000
Star-Object, 2 triples --> Gen: 4.604249999999865, Ev: 0.16671199999996134, Answers: 10000
Star-Object, 2 triples --> Gen: 4.484681500000079, Ev: 0.25092160000008334, Answers: 10000
Star-Object, 2 triples --> Gen: 4.529812699999866, Ev: 0.16922150000004876, Answers: 10000
Star-Object, 2 triples --> Gen: 4.517829200000051, Ev: 0.17444839999984652, Answers: 10000
Star-Object, 2 triples --> Gen: 4.526881700000104, Ev: 8.843792600000143, Answers: 10000
Star-Object, 2 triples --> Gen: 4.507798699999967, Ev: 0.18823169999996026, Answers: 10000
Star-Object, 2 triples --> Gen: 4.496871399999918, Ev: 0.09753000000000611, Answers: 10000
Star-Object, 2 triples --> Gen: 4.487652299999809, Ev: 0.2539315000001352, Answers: 10000
Star-Object, 2 triples --> Gen: 4.503564800000049, Ev: 0.16792060000011588, Answers: 10000
Star-Object, 4 triples --> Gen: 4.487797099999852, Ev: 0.41645310000012614, Answers: 10000
Star-Object, 4 triples --> Gen: 4.604950099999996, Ev: 0.46600979999993797, Answers: 10000
Star-Object, 4 triples --> Gen: 4.521272299999964, Ev: 0.1814609999998993, Answers: 10000
Star-Object, 4 triples --> Gen: 4.4766486999999415, Ev: 0.18445020000012846, Answers: 10000
Star-Object, 4 triples --> Gen: 4.490604100000155, Ev: 36.106793299999936, Answers: 10000
Star-Object, 4 triples --> Gen: 4.5109359000000495, Ev: 0.2500849999998991, Answers: 10000
Star-Object, 4 triples --> Gen: 4.497775600000068, Ev: 0.38877039999988483, Answers: 10000
Star-Object, 4 triples --> Gen: 4.4823180000000775, Ev: 0.01121170000010352, Answers: 2
Star-Object, 4 triples --> Gen: 4.559234899999865, Ev: 0.2570544999998674, Answers: 10000
Star-Object, 4 triples --> Gen: 4.483252900000025, Ev: 14.703344299999799, Answers: 10000
Star-Object, 6 triples --> Gen: 4.494037999999819, Ev: 0.7249888999999712, Answers: 10000
Star-Object, 6 triples --> Gen: 4.488044799999898, Ev: 0.3383570000000873, Answers: 10000
Star-Object, 6 triples --> Gen: 4.483693500000072, Ev: 44.17699369999991, Answers: 10000
Star-Object, 6 triples --> Gen: 4.49400989999981, Ev: 0.8890215000001263, Answers: 10000
Star-Object, 6 triples --> Gen: 4.5087277999998605, Ev: 0.40326389999995627, Answers: 10000
Star-Object, 6 triples --> Gen: 4.510115300000052, Ev: 22.546533100000033, Answers: 10000
Star-Object, 6 triples --> Gen: 4.527067600000009, Ev: 0.17602419999980157, Answers: 10000
Star-Object, 6 triples --> Gen: 4.488741600000139, Ev: 0.22665440000014314, Answers: 10000
Star-Object, 6 triples --> Gen: 4.487157000000025, Ev: 0.45179349999989427, Answers: 10000
Star-Object, 6 triples --> Gen: 4.511831399999892, Ev: 25.689294200000177, Answers: 10000
Star-Object, 8 triples --> Gen: 4.624810300000036, Ev: 0.2581436999998914, Answers: 10000
Star-Object, 8 triples --> Gen: 4.505605900000091, Ev: 11.253440599999976, Answers: 10000
Star-Object, 8 triples --> Gen: 4.4621285999999145, Ev: 0.6304494999999406, Answers: 10000
Star-Object, 8 triples --> Gen: 4.548755899999833, Ev: 35.293770400000085, Answers: 10000
Star-Object, 8 triples --> Gen: 4.485066099999813, Ev: 0.4039603999999599, Answers: 10000
Star-Object, 8 triples --> Gen: 4.498998899999833, Ev: 0.494629199999963, Answers: 10000
Star-Object, 8 triples --> Gen: 4.50212190000002, Ev: 36.57481570000027, Answers: 10000
Star-Object, 8 triples --> Gen: 4.524304799999754, Ev: 0.2509430000000066, Answers: 10000
Star-Object, 8 triples --> Gen: 4.464277999999922, Ev: 6.255455800000163, Answers: 10000
Star-Object, 8 triples --> Gen: 4.5046958999996605, Ev: 0.8422270999999455, Answers: 10000
Star-Object, 10 triples --> Gen: 4.500504399999954, Ev: 49.24531040000011, Answers: 10000
Star-Object, 10 triples --> Gen: 4.483201999999892, Ev: 0.7832098000003498, Answers: 10000
Star-Object, 10 triples --> Gen: 4.51003639999999, Ev: 57.115890000000036, Answers: 10000
Star-Object, 10 triples --> Gen: 4.516901299999972, Ev: 0.6334772000000157, Answers: 10000
Star-Object, 10 triples --> Gen: 4.493913700000121, Ev: 29.881306799999948, Answers: 10000
Star-Object, 10 triples --> Gen: 4.515783299999839, Ev: 0.1567777999998725, Answers: 10000
Star-Object, 10 triples --> Gen: 4.511637099999916, Ev: 28.953305099999852, Answers: 10000
Star-Object, 10 triples --> Gen: 4.4762862000002315, Ev: 28.30110680000007, Answers: 10000
Star-Object, 10 triples --> Gen: 4.5501484999999775, Ev: 0.701953499999945, Answers: 10000
Star-Object, 10 triples --> Gen: 4.5772618999999395, Ev: 21.487857000000076, Answers: 10000
Star-Object, 12 triples --> Gen: 4.490050900000369, Ev: 0.1951945999999225, Answers: 10000
Star-Object, 12 triples --> Gen: 4.479224199999862, Ev: 0.5227912000000288, Answers: 10000
Star-Object, 12 triples --> Gen: 4.466509999999744, Ev: 0.23690769999984695, Answers: 10000
Star-Object, 12 triples --> Gen: 4.499159499999678, Ev: 12.055758100000276, Answers: 10000
Star-Object, 12 triples --> Gen: 4.523116100000152, Ev: 2.3041465999999673, Answers: 10000
Star-Object, 12 triples --> Gen: 4.499799400000029, Ev: 0.5240132999997513, Answers: 10000
Star-Object, 12 triples --> Gen: 4.49711810000008, Ev: 74.19265380000024, Answers: 10000
Star-Object, 12 triples --> Gen: 4.7291135000000395, Ev: 0.3705218000000059, Answers: 10000
Star-Object, 12 triples --> Gen: 4.5100296999999046, Ev: 0.5051259000001664, Answers: 10000
Star-Object, 12 triples --> Gen: 4.487613000000238, Ev: 1.10568880000028, Answers: 10000
Star-Object, 14 triples --> Gen: 4.468527999999878, Ev: 0.8456341999999495, Answers: 10000
Star-Object, 14 triples --> Gen: 4.497218400000293, Ev: 18.180396600000222, Answers: 10000
Star-Object, 14 triples --> Gen: 4.488080399999944, Ev: 1.3873417000004338, Answers: 10000
Star-Object, 14 triples --> Gen: 4.497422800000095, Ev: 66.36703169999964, Answers: 10000
Star-Object, 14 triples --> Gen: 4.502633600000081, Ev: 0.8938677000001007, Answers: 10000
Star-Object, 14 triples --> Gen: 4.505930199999966, Ev: 0.47551290000001245, Answers: 10000
Star-Object, 14 triples --> Gen: 4.488351500000135, Ev: 67.49634739999965, Answers: 10000
Star-Object, 14 triples --> Gen: 4.497428099999979, Ev: 1.6699558000000252, Answers: 10000
Star-Object, 14 triples --> Gen: 4.4785829000002195, Ev: 0.2260812999998052, Answers: 10000
Star-Object, 14 triples --> Gen: 4.466299800000343, Ev: 4.046462100000099, Answers: 10000
Star-Object, 16 triples --> Gen: 4.507694899999933, Ev: 0.10034489999998186, Answers: 10000
Star-Object, 16 triples --> Gen: 4.514509699999962, Ev: 141.4402273999999, Answers: 10000
Star-Object, 16 triples --> Gen: 4.4857443999999305, Ev: 6.870478099999673, Answers: 10000
Star-Object, 16 triples --> Gen: 4.504202200000236, Ev: 54.658041499999854, Answers: 10000
Star-Object, 16 triples --> Gen: 4.4923117000003, Ev: 12.393454399999882, Answers: 10000
Star-Object, 16 triples --> Gen: 4.471633399999973, Ev: 0.7085102000000916, Answers: 10000
Star-Object, 16 triples --> Gen: 4.508900200000426, Ev: 89.43724460000021, Answers: 10000
Star-Object, 16 triples --> Gen: 4.495700900000429, Ev: 7.653637100000196, Answers: 10000
Star-Object, 16 triples --> Gen: 4.480733400000645, Ev: 0.8467522000000827, Answers: 10000
Star-Object, 16 triples --> Gen: 4.530210099999749, Ev: 39.42154009999922, Answers: 10000
Star-Object, 18 triples --> Gen: 4.472965599999952, Ev: 0.47631860000001325, Answers: 10000
Star-Object, 18 triples --> Gen: 4.513572599999861, Ev: 0.5779554999999164, Answers: 10000
Star-Object, 18 triples --> Gen: 4.500853100000313, Ev: 62.37712240000019, Answers: 10000
Star-Object, 18 triples --> Gen: 4.470914099999391, Ev: 51.61639940000077, Answers: 10000
Star-Object, 18 triples --> Gen: 4.490987999999561, Ev: 0.4280668000001242, Answers: 10000
Star-Object, 18 triples --> Gen: 4.509914299999764, Ev: 0.4061102000005121, Answers: 10000
Star-Object, 18 triples --> Gen: 4.45990619999975, Ev: 108.22211100000004, Answers: 10000
Star-Object, 18 triples --> Gen: 4.542413000000124, Ev: 41.808480200000304, Answers: 10000
Star-Object, 18 triples --> Gen: 4.504654000000301, Ev: 1.240842899999734, Answers: 10000
Star-Object, 18 triples --> Gen: 4.470529100000022, Ev: 1.2462111999993795, Answers: 10000
Star-Object, 20 triples --> Gen: 4.535261099999843, Ev: 53.27896640000017, Answers: 10000
Star-Object, 20 triples --> Gen: 4.480898099999649, Ev: 71.71338620000006, Answers: 10000
Star-Object, 20 triples --> Gen: 4.481595500000367, Ev: 42.30527009999969, Answers: 10000
Star-Object, 20 triples --> Gen: 4.543215400000008, Ev: 50.08177640000031, Answers: 10000
Star-Object, 20 triples --> Gen: 4.46869020000031, Ev: 2.305949700000383, Answers: 10000
Star-Object, 20 triples --> Gen: 4.482252100000551, Ev: 4.268645000000106, Answers: 10000
Star-Object, 20 triples --> Gen: 4.510839200000191, Ev: 21.351642499999798, Answers: 10000
Star-Object, 20 triples --> Gen: 4.4549928999995245, Ev: 43.456807700000354, Answers: 10000
Star-Object, 20 triples --> Gen: 4.5313938999997845, Ev: 0.3367232000000513, Answers: 10000
Star-Object, 20 triples --> Gen: 4.46344180000051, Ev: 100.57164639999974, Answers: 10000
[4.512813950000009, 4.494189850000112, 4.494023949999814, 4.50340889999984, 4.510836749999953, 4.498138799999879, 4.492784950000214, 4.499951550000333, 4.495920549999937, 4.481923800000459][0.18134004999990339, 0.3229124499998761, 0.5883911999999327, 0.736338299999943, 24.894481900000073, 0.52340224999989, 1.5286487500002295, 10.02354575000004, 1.2435270499995568, 42.88103890000002][10000.0, 10000.0, 10000.0, 10000.0, 10000.0, 10000.0, 10000.0, 10000.0, 10000.0, 10000.0]
Path, 2 triples --> Gen: 11.808432200000425, Ev: 36.34278660000018, Answers: 28
Path, 2 triples --> Gen: 0.37784349999947153, Ev: 0.06343860000015411, Answers: 1
Path, 2 triples --> Gen: 0.373034700000062, Ev: 1.8241183000000092, Answers: 1
Path, 2 triples --> Gen: 0.12379440000040631, Ev: 0.19192299999940587, Answers: 10000
Path, 2 triples --> Gen: 0.1197572000000946, Ev: 1.0094068999997035, Answers: 476
Path, 2 triples --> Gen: 0.12324320000061562, Ev: 0.013814399999318994, Answers: 20
Path, 2 triples --> Gen: 0.21769719999974768, Ev: 0.2568685000005644, Answers: 10000
Path, 2 triples --> Gen: 0.16797829999995884, Ev: 0.8834625999998025, Answers: 10000
Path, 2 triples --> Gen: 0.1181936000002679, Ev: 0.253418999999667, Answers: 10000
Path, 2 triples --> Gen: 0.14125150000018039, Ev: 0.046155500000168104, Answers: 47
Path, 4 triples --> Gen: 0.4213670999997703, Ev: 0.13027189999957045, Answers: 7
Path, 4 triples --> Gen: 0.14401899999938905, Ev: 9.058709500000077, Answers: 10000
Path, 4 triples --> Gen: 0.1404458999995768, Ev: 0.013025199999901815, Answers: 4
Path, 4 triples --> Gen: 0.1484059000003981, Ev: 0.013278299999910814, Answers: 1
Path, 4 triples --> Gen: 0.14383769999949436, Ev: 1.254244399999152, Answers: 10000
Path, 4 triples --> Gen: 0.12430899999981193, Ev: 0.050310699999499775, Answers: 6
Path, 4 triples --> Gen: 0.12652900000011869, Ev: 1.280232099999921, Answers: 10000
Path, 4 triples --> Gen: 0.15101749999939784, Ev: 0.016921399999773712, Answers: 3
Path, 4 triples --> Gen: 0.12612090000038734, Ev: 0.24458409999988362, Answers: 1
Path, 4 triples --> Gen: 0.1301006999992751, Ev: 10.382039000000077, Answers: 10000
Path, 6 triples --> Gen: 0.27309259999947244, Ev: 1.9113225999999486, Answers: 10000
Path, 6 triples --> Gen: 0.7695303000000422, Ev: 4.942149100000279, Answers: 10000
Path, 6 triples --> Gen: 0.36216419999982463, Ev: 41.48723509999945, Answers: 10000
Path, 6 triples --> Gen: 0.35044230000039533, Ev: 4.1965423000001465, Answers: 10000
Path, 6 triples --> Gen: 0.6365590000004886, Ev: 7.15403570000035, Answers: 47
Path, 6 triples --> Gen: 0.13878780000050028, Ev: 0.12961209999957646, Answers: 5
Path, 6 triples --> Gen: 0.1499004999996032, Ev: 1.0074578000003385, Answers: 5
Path, 6 triples --> Gen: 0.14805449999948905, Ev: 0.779732399999375, Answers: 82
Path, 6 triples --> Gen: 0.21930179999981192, Ev: 0.016273700000056124, Answers: 4
Path, 6 triples --> Gen: 0.241904099999374, Ev: 37.46784220000063, Answers: 10000
Path, 8 triples --> Gen: 0.4446091999998316, Ev: 20.329761100000724, Answers: 49
Path, 8 triples --> Gen: 0.47687450000012177, Ev: 0.020357899999908113, Answers: 1
Path, 8 triples --> Gen: 0.1527368999995815, Ev: 0.574126299999989, Answers: 10000
Path, 8 triples --> Gen: 1.2889399999994566, Ev: 17.17502720000084, Answers: 10000
Path, 8 triples --> Gen: 0.16479009999966365, Ev: 0.744189500000175, Answers: 10000
Path, 8 triples --> Gen: 0.8937273000001369, Ev: 2.00153870000031, Answers: 6866
Path, 8 triples --> Gen: 0.7543731999994634, Ev: 11.09754089999933, Answers: 4971
Path, 8 triples --> Gen: 0.7896498999998585, Ev: 1.2163901999992959, Answers: 10000
Path, 8 triples --> Gen: 2.0233643000001393, Ev: 0.12524649999977555, Answers: 256
Path, 8 triples --> Gen: 1.070190299999922, Ev: 0.1936241000003065, Answers: 1
Path, 10 triples --> Gen: 0.4310704999998052, Ev: 0.0508376000007047, Answers: 580
Path, 10 triples --> Gen: 4.562243999999737, Ev: 0.13551009999991948, Answers: 3786
Path, 10 triples --> Gen: 0.5856693999994604, Ev: 0.07129710000026535, Answers: 414
Path, 10 triples --> Gen: 2.9400409999998374, Ev: 9.16723439999987, Answers: 601
Path, 10 triples --> Gen: 2.4738338999995904, Ev: 64.12254209999992, Answers: 10000
Path, 10 triples --> Gen: 3.6654490000000806, Ev: 0.8416875000002619, Answers: 10000
Path, 10 triples --> Gen: 0.576649699999507, Ev: 0.7326766999995016, Answers: 2759
Path, 10 triples --> Gen: 0.42844459999923856, Ev: 0.05089210000005551, Answers: 16
Path, 10 triples --> Gen: 1.842202400000133, Ev: 0.29652249999980995, Answers: 1
Path, 10 triples --> Gen: 0.5863595000000714, Ev: 2.0686641000002055, Answers: 316
Path, 12 triples --> Gen: 3.8382303000007596, Ev: 0.6149574999999459, Answers: 365
Path, 12 triples --> Gen: 9.651951400000144, Ev: 0.027043699999921955, Answers: 38
Path, 12 triples --> Gen: 3.8692399000001387, Ev: 0.06802629999947385, Answers: 192
Path, 12 triples --> Gen: 3.3571356000002197, Ev: 0.1484424999998737, Answers: 2
Path, 12 triples --> Gen: 6.209339699999873, Ev: 0.8485856999996031, Answers: 10000
Path, 12 triples --> Gen: 9.662931599999865, Ev: 1.0905055000002903, Answers: 4
Path, 12 triples --> Gen: 17.333117299999685, Ev: 11.057752400000027, Answers: 2466
Path, 12 triples --> Gen: 2.428780799999913, Ev: 4.222125199999937, Answers: 10000
Path, 12 triples --> Gen: 4.946491800000331, Ev: 1.0081643000003169, Answers: 10000
Path, 12 triples --> Gen: 0.6978102000002764, Ev: 82.48484779999944, Answers: 10000
Path, 14 triples --> Gen: 10.523922800000037, Ev: 0.07138709999981074, Answers: 10000
Path, 14 triples --> Gen: 16.20160119999946, Ev: 0.025934900000720518, Answers: 18
Path, 14 triples --> Gen: 12.14262090000011, Ev: 17.420731700000033, Answers: 10000
Path, 14 triples --> Gen: 15.174073400000452, Ev: 0.16224340000007942, Answers: 585
Path, 14 triples --> Gen: 26.918535799999518, Ev: 88.40629090000039, Answers: 10000
Path, 14 triples --> Gen: 63.700496999999814, Ev: 0.35490459999982704, Answers: 4
Path, 14 triples --> Gen: 42.02543670000068, Ev: 3.8218914000008226, Answers: 8
Path, 14 triples --> Gen: 11.615958700000192, Ev: 0.15511009999954695, Answers: 2259
Path, 14 triples --> Gen: 3.2470037000002776, Ev: 67.51186110000071, Answers: 10000
Path, 14 triples --> Gen: 18.000454699999864, Ev: 0.27666969999972935, Answers: 180
Path, 16 triples --> Gen: 82.18144010000015, Ev: 0.05148509999980888, Answers: 8
Path, 16 triples --> Gen: 29.635950500000035, Ev: 36.99688900000001, Answers: 10000
Path, 16 triples --> Gen: 26.301321500000086, Ev: 64.18813909999972, Answers: 10000
Path, 16 triples --> Gen: 113.15630799999963, Ev: 0.5572316999996474, Answers: 10000
Path, 16 triples --> Gen: 43.49485669999922, Ev: 0.06329949999962992, Answers: 64
Path, 16 triples --> Gen: 78.86580719999984, Ev: 1.4857273000006899, Answers: 132
Path, 16 triples --> Gen: 99.98780070000066, Ev: 0.32852679999996326, Answers: 2541
Path, 16 triples --> Gen: 23.6423506000001, Ev: 0.5735178000004453, Answers: 12
Path, 16 triples --> Gen: 6.214621799999804, Ev: 0.3665837999997166, Answers: 903
Path, 16 triples --> Gen: 35.271628799999235, Ev: 140.09919329999957, Answers: 10000
Path, 18 triples --> Gen: 72.41162700000041, Ev: 0.5666875999995682, Answers: 10000
Path, 18 triples --> Gen: 203.9457569999995, Ev: 106.51071730000058, Answers: 10000
Path, 18 triples --> Gen: 73.16719999999987, Ev: 0.8020813000002818, Answers: 9450
Path, 18 triples --> Gen: 237.94871239999884, Ev: 178.72021099999984, Answers: 10000
Path, 18 triples --> Gen: 117.56995379999898, Ev: 5.226729800000612, Answers: 8
Path, 18 triples --> Gen: 70.80584830000043, Ev: 0.37787130000106117, Answers: 72
Path, 18 triples --> Gen: 30.523835600000893, Ev: 0.03400019999935466, Answers: 2
Path, 18 triples --> Gen: 51.52832099999978, Ev: 1.355059199999232, Answers: 50
Path, 18 triples --> Gen: 284.84800449999966, Ev: 1.6867002999988472, Answers: 66
Path, 18 triples --> Gen: 84.1843203999997, Ev: 9.76242430000093, Answers: 2
Path, 20 triples --> Gen: 124.30770610000036, Ev: 24.068688600000314, Answers: 10000
Path, 20 triples --> Gen: 51.94668359999923, Ev: 0.8243536999998469, Answers: 10000
Path, 20 triples --> Gen: 170.0284015999987, Ev: 0.039685499999905005, Answers: 1
Path, 20 triples --> Gen: 81.36769500000082, Ev: 0.04062519999934011, Answers: 1
Path, 20 triples --> Gen: 300.63279989999864, Ev: 6.795916600000055, Answers: 10000
Path, 20 triples --> Gen: 103.00341899999876, Ev: 0.1741825000008248, Answers: 242
Path, 20 triples --> Gen: 106.82708740000089, Ev: 0.12272089999896707, Answers: 10000
Path, 20 triples --> Gen: 493.7180503999989, Ev: 0.025017899999511428, Answers: 1
Path, 20 triples --> Gen: 307.131511399999, Ev: 0.07473119999849587, Answers: 10000
Path, 20 triples --> Gen: 498.84039440000197, Ev: 2.8204622999983258, Answers: 12
[0.1546149000000696, 0.14214179999953558, 0.2574983499994232, 0.7720115499996609, 1.2142809500001022, 4.407865850000235, 15.687837299999956, 39.383242749999226, 78.67576019999979, 147.16805384999952][0.2551437500001157, 0.18742799999972704, 3.0539324500000475, 0.9802898499997355, 0.5145995999996558, 0.92837499999996, 0.3157871499997782, 0.5653747500000463, 1.5208797499990396, 0.14845169999989594][261.5, 6.5, 5041.0, 5918.5, 590.5, 1415.5, 1422.0, 1722.0, 69.0, 5121.0]
Mixed, 4 triples --> Gen: 4.574184600000001, Ev: 0.31764989999999926, Answers: 10000
Mixed, 4 triples --> Gen: 0.11296100000000031, Ev: 0.6857411999999998, Answers: 10000
Mixed, 4 triples --> Gen: 0.06597540000000013, Ev: 0.08234039999999965, Answers: 15
Mixed, 4 triples --> Gen: 0.045186300000000124, Ev: 0.01901879999999956, Answers: 257
Mixed, 4 triples --> Gen: 0.06601540000000039, Ev: 0.015299699999999916, Answers: 1
Mixed, 4 triples --> Gen: 0.20979179999999964, Ev: 9.3528604, Answers: 10000
Mixed, 4 triples --> Gen: 0.04637289999999794, Ev: 0.4652881000000022, Answers: 10000
Mixed, 4 triples --> Gen: 4.491637700000002, Ev: 0.45787979999999706, Answers: 10000
Mixed, 4 triples --> Gen: 0.21379440000000116, Ev: 30.3236649, Answers: 10000
Mixed, 4 triples --> Gen: 4.536436000000002, Ev: 0.33341740000000186, Answers: 1
Mixed, 6 triples --> Gen: 0.08062610000000348, Ev: 0.02058789999999533, Answers: 1
Mixed, 6 triples --> Gen: 0.06741989999999731, Ev: 0.013835000000000264, Answers: 5
Mixed, 6 triples --> Gen: 4.542884399999998, Ev: 0.33705430000000547, Answers: 10000
Mixed, 6 triples --> Gen: 4.815034099999998, Ev: 0.014946399999999471, Answers: 2
Mixed, 6 triples --> Gen: 0.11318320000000881, Ev: 40.220613900000004, Answers: 1
Mixed, 6 triples --> Gen: 0.050243999999992184, Ev: 0.5596456000000103, Answers: 10000
Mixed, 6 triples --> Gen: 0.04792120000001887, Ev: 32.64669190000001, Answers: 10000
Mixed, 6 triples --> Gen: 0.13240110000003824, Ev: 0.16956149999998615, Answers: 85
Mixed, 6 triples --> Gen: 0.05393859999998085, Ev: 0.5873945000000163, Answers: 10000
Mixed, 6 triples --> Gen: 0.16385539999998855, Ev: 0.3670321000000172, Answers: 10000
Mixed, 8 triples --> Gen: 0.08238510000001042, Ev: 40.44986690000002, Answers: 10000
Mixed, 8 triples --> Gen: 5.043224000000009, Ev: 0.6218592000000172, Answers: 2875
Mixed, 8 triples --> Gen: 4.8871902000000205, Ev: 10.284213899999997, Answers: 1605
Mixed, 8 triples --> Gen: 4.5302070000000185, Ev: 0.5686236000000235, Answers: 10000
Mixed, 8 triples --> Gen: 9.153935399999966, Ev: 0.022632499999986067, Answers: 1
Mixed, 8 triples --> Gen: 4.616096299999981, Ev: 24.64642409999999, Answers: 10000
Mixed, 8 triples --> Gen: 4.624543899999992, Ev: 11.665943499999969, Answers: 4
Mixed, 8 triples --> Gen: 0.35308659999998326, Ev: 1.1399452000000565, Answers: 10000
Mixed, 8 triples --> Gen: 4.556133899999963, Ev: 35.98229409999999, Answers: 10000
Mixed, 8 triples --> Gen: 0.31614969999998266, Ev: 0.5572722000000567, Answers: 10000
Mixed, 10 triples --> Gen: 0.046305099999926824, Ev: 75.2358183, Answers: 10000
Mixed, 10 triples --> Gen: 0.28773630000000594, Ev: 0.6123576999999614, Answers: 10000
Mixed, 10 triples --> Gen: 13.805043100000034, Ev: 31.440619999999967, Answers: 10000
Mixed, 10 triples --> Gen: 4.5469682000000375, Ev: 0.5219376000000011, Answers: 10000
Mixed, 10 triples --> Gen: 0.055084699999952136, Ev: 0.36907640000003994, Answers: 10000
Mixed, 10 triples --> Gen: 0.04540379999991728, Ev: 31.173788400000035, Answers: 10000
Mixed, 10 triples --> Gen: 0.3191170999999713, Ev: 8.283663499999989, Answers: 10000
Mixed, 10 triples --> Gen: 0.04482989999996789, Ev: 0.34939440000005106, Answers: 10000
Mixed, 10 triples --> Gen: 4.5484418000000915, Ev: 0.05839240000000245, Answers: 10000
Mixed, 10 triples --> Gen: 0.04952709999997751, Ev: 1.4978479999999763, Answers: 10000
Mixed, 12 triples --> Gen: 0.1840657000000192, Ev: 75.42575260000001, Answers: 10000
Mixed, 12 triples --> Gen: 0.044089999999982865, Ev: 9.16468210000005, Answers: 10000
Mixed, 12 triples --> Gen: 4.663543600000025, Ev: 0.5116842999999562, Answers: 10000
Mixed, 12 triples --> Gen: 4.824634900000092, Ev: 12.52798150000001, Answers: 10000
Mixed, 12 triples --> Gen: 0.4347116000000142, Ev: 0.20091899999999896, Answers: 10000
Mixed, 12 triples --> Gen: 0.28187869999999293, Ev: 32.24078320000001, Answers: 10000
Mixed, 12 triples --> Gen: 9.421700199999918, Ev: 17.90614460000006, Answers: 10000
Mixed, 12 triples --> Gen: 23.542962300000113, Ev: 14.766494200000125, Answers: 10000
Mixed, 12 triples --> Gen: 4.570558699999992, Ev: 0.5307270999999218, Answers: 10000
Mixed, 12 triples --> Gen: 4.651259800000162, Ev: 0.33187130000010256, Answers: 10000
Mixed, 14 triples --> Gen: 9.377233100000012, Ev: 67.47670870000002, Answers: 10000
Mixed, 14 triples --> Gen: 9.934454899999992, Ev: 15.662326599999915, Answers: 10000
Mixed, 14 triples --> Gen: 9.378971499999807, Ev: 0.4660652999998547, Answers: 10000
Mixed, 14 triples --> Gen: 18.88239529999987, Ev: 2.3797208000000865, Answers: 10000
Mixed, 14 triples --> Gen: 9.551754100000153, Ev: 1.3685011000000031, Answers: 10000
Mixed, 14 triples --> Gen: 23.20572500000003, Ev: 32.30149349999988, Answers: 10000
Mixed, 14 triples --> Gen: 9.180347199999915, Ev: 0.5070106000000578, Answers: 10000
Mixed, 14 triples --> Gen: 0.21290060000001176, Ev: 77.19763409999996, Answers: 10000
Mixed, 14 triples --> Gen: 5.190136100000018, Ev: 0.8375605000001087, Answers: 10000
Mixed, 14 triples --> Gen: 4.657307299999957, Ev: 44.94702690000008, Answers: 10000
Mixed, 16 triples --> Gen: 5.185170599999992, Ev: 2.7314422999997987, Answers: 10000
Mixed, 16 triples --> Gen: 0.11127039999996668, Ev: 0.5612619999999424, Answers: 75
Mixed, 16 triples --> Gen: 0.05047939999985829, Ev: 0.2962694000000283, Answers: 10000
Mixed, 16 triples --> Gen: 9.102976300000137, Ev: 5.067900300000019, Answers: 2
Mixed, 16 triples --> Gen: 0.16562430000021777, Ev: 34.09675619999962, Answers: 10000
Mixed, 16 triples --> Gen: 9.288136600000144, Ev: 0.7623814999997194, Answers: 10000
Mixed, 16 triples --> Gen: 0.19179470000017318, Ev: 2.210804300000291, Answers: 10000
Mixed, 16 triples --> Gen: 18.97444910000013, Ev: 1.0111814000001687, Answers: 10000
Mixed, 16 triples --> Gen: 4.4723556000003555, Ev: 13.82436000000007, Answers: 10000
Mixed, 16 triples --> Gen: 19.572415300000102, Ev: 8.309573900000032, Answers: 10000
Mixed, 18 triples --> Gen: 4.9583731000002444, Ev: 52.27301499999976, Answers: 10000
Mixed, 18 triples --> Gen: 18.461389699999927, Ev: 53.8853610000001, Answers: 10000
Mixed, 18 triples --> Gen: 9.369777500000055, Ev: 25.96007099999997, Answers: 10000
Mixed, 18 triples --> Gen: 4.769015500000023, Ev: 113.00951050000003, Answers: 10000
Mixed, 18 triples --> Gen: 9.097749099999874, Ev: 2.7631933999996363, Answers: 10000
Mixed, 18 triples --> Gen: 0.06777220000003581, Ev: 1.2551128000000062, Answers: 116
Mixed, 18 triples --> Gen: 9.611458800000037, Ev: 47.5115837999997, Answers: 10000
Mixed, 18 triples --> Gen: 9.135530200000176, Ev: 51.57041079999999, Answers: 10000
Mixed, 18 triples --> Gen: 22.68829519999963, Ev: 104.54143440000007, Answers: 10000
Mixed, 18 triples --> Gen: 9.170830199999727, Ev: 1.2084439000000202, Answers: 10000
Mixed, 20 triples --> Gen: 0.04660969999986264, Ev: 0.3004895999997643, Answers: 10000
Mixed, 20 triples --> Gen: 0.6953416999999718, Ev: 127.80781810000008, Answers: 10000
Mixed, 20 triples --> Gen: 14.132542199999989, Ev: 0.7864418999997724, Answers: 10000
Mixed, 20 triples --> Gen: 4.713960399999905, Ev: 61.73692829999982, Answers: 10000
Mixed, 20 triples --> Gen: 0.20057029999998122, Ev: 0.4779022999996414, Answers: 10000
Mixed, 20 triples --> Gen: 0.30296839999982694, Ev: 106.13895060000004, Answers: 10000
Mixed, 20 triples --> Gen: 0.07987109999976383, Ev: 71.87763170000017, Answers: 10000
Mixed, 20 triples --> Gen: 24.37454209999987, Ev: 50.22887600000013, Answers: 10000
Mixed, 20 triples --> Gen: 0.4014915999996447, Ev: 0.2069142999998803, Answers: 10000
Mixed, 20 triples --> Gen: 5.307574800000111, Ev: 0.5176160000000891, Answers: 10000
[None, 0.16137639999999998, 0.09690465000000614, 4.586115099999972, 0.17141049999997904, 4.610909250000077, 9.37810229999991, 4.828763100000174, 9.153180199999952, 0.5484166499998082][None, 0.39564859999999946, 0.3520432000000113, 5.712079550000027, 1.0551028499999688, 10.84633180000003, 9.0210237, 2.4711233000000448, 49.540997299999844, 25.50765894999995][None, 10000.0, 5042.5, 10000.0, 10000.0, 10000.0, 10000.0, 10000.0, 10000.0, 10000.0]
